[2024-07-03 05:28:36] [INFO] [User ID: N/A] User logged in
[2024-07-03 05:31:50] [INFO] [User ID: 437] User logged in
[2024-07-03 05:32:57] [INFO] [User ID: 435] User logged in
[2024-07-03 05:33:26] [ERROR] [User ID: 435] User failed to log in
[2024-07-03 05:35:19] [ERROR] [User ID: 448] User failed to log in due to wrong credentials
[2024-07-03 09:07:28] [ERROR] [User ID: 433] User failed to log in due to wrong credentials
[2024-07-03 09:07:33] [INFO] [User ID: 433] User logged in
[2024-07-03 13:26:54] [INFO] [User ID: 435] User logged in
[2024-07-03 13:28:06] [INFO] [User ID: 435] User has added item 4 to the cart
[2024-07-03 13:29:21] [INFO] [User ID: 435] User has added a book with id 10 to the cart
[2024-07-03 13:35:26] [INFO] [User ID: 435] User has reviewed a book with id 4
[2024-07-04 03:23:50] [INFO] [User ID: 435] User has added a book with id  to the cart
[2024-07-04 03:24:12] [INFO] [User ID: 435] User has ordered a book with the id 10
[2024-07-04 03:24:12] [INFO] [User ID: 435] User has made a transaction of 447 for the order a book with the id 10
[2024-07-04 04:34:27] [INFO] [User ID: 435] User has logged out of the system
[2024-07-04 05:04:09] [INFO] [User ID: 435] User logged in
[2024-07-04 05:04:21] [INFO] [User ID: 435] User has logged out of the system
[2024-07-04 13:16:57] [INFO] [User ID: 435] User logged in
[2024-07-04 14:10:56] [ERROR] [User ID: 462] Failed to send password reset email to beisymish123@gmail.com
[2024-07-04 14:10:58] [ERROR] [User ID: 462] Failed to send password reset email to beisymish123@gmail.com
[2024-07-04 22:04:26] [INFO] [User ID: 470] User has registered as a client
[2024-07-04 22:04:49] [INFO] [User ID: 470] User has logged out of the system
[2024-07-04 22:59:20] [ERROR] [User ID: 468] Failed to send password reset email to beisymish@gmail.com. Mailer Error: SMTP Error: Could not authenticate.
[2024-07-04 23:00:48] [ERROR] [User ID: 470] Failed to send password reset email to 1040510@cuea.edu. Mailer Error: SMTP Error: Could not authenticate.
[2024-07-04 23:32:30] [ERROR] [User ID: 470] Failed to send password reset email to 1040510@cuea.edu. Mailer Error: SMTP Error: Could not authenticate.
[2024-07-04 23:34:09] [ERROR] [User ID: 470] Failed to send password reset email to 1040510@cuea.edu. Mailer Error: SMTP Error: Could not authenticate.
[2024-07-04 23:35:03] [INFO] [User ID: 470] User logged in
[2024-07-04 23:40:35] [INFO] [User ID: 470] User has logged out of the system
[2024-07-04 23:40:41] [INFO] [User ID: 435] User logged in
[2024-07-05 01:34:27] [INFO] [User ID: 435] User logged in
